  Sizzling.cpp
C:\Users\Kulfon\source\repos\Sizzling\Sizzling\Sizzling.cpp(175,12): warning C4244: "argument": konwersja z "time_t" do "unsigned int", możliwa utrata danych
C:\Users\Kulfon\source\repos\Sizzling\Sizzling\Sizzling.cpp(194,34): warning C4311: "typ rzutowania": obcięcie wskaźnika z "char *" do "int"
C:\Users\Kulfon\source\repos\Sizzling\Sizzling\Sizzling.cpp(194,34): warning C4302: "typ rzutowania": obcięcie z "char *" do "int"
C:\Users\Kulfon\source\repos\Sizzling\Sizzling\Sizzling.cpp(199,50): warning C4311: "typ rzutowania": obcięcie wskaźnika z "char *" do "int"
C:\Users\Kulfon\source\repos\Sizzling\Sizzling\Sizzling.cpp(199,50): warning C4302: "typ rzutowania": obcięcie z "char *" do "int"
C:\Users\Kulfon\source\repos\Sizzling\Sizzling\Sizzling.cpp(200,49): warning C4311: "typ rzutowania": obcięcie wskaźnika z "char *" do "int"
C:\Users\Kulfon\source\repos\Sizzling\Sizzling\Sizzling.cpp(200,49): warning C4302: "typ rzutowania": obcięcie z "char *" do "int"
C:\Users\Kulfon\source\repos\Sizzling\Sizzling\Sizzling.cpp(414,47): warning C4267: "=": konwersja z "size_t" do "short", możliwa utrata danych
C:\Users\Kulfon\source\repos\Sizzling\Sizzling\Sizzling.cpp(495,33): warning C4267: "argument": konwersja z "size_t" do "int", możliwa utrata danych
C:\Users\Kulfon\source\repos\Sizzling\Sizzling\Sizzling.cpp(499,34): warning C4267: "argument": konwersja z "size_t" do "int", możliwa utrata danych
C:\Users\Kulfon\source\repos\Sizzling\Sizzling\Sizzling.cpp(505,34): warning C4267: "argument": konwersja z "size_t" do "int", możliwa utrata danych
C:\Users\Kulfon\source\repos\Sizzling\Sizzling\Sizzling.cpp(510,34): warning C4267: "argument": konwersja z "size_t" do "int", możliwa utrata danych
C:\Users\Kulfon\source\repos\Sizzling\Sizzling\Sizzling.cpp(516,34): warning C4267: "argument": konwersja z "size_t" do "int", możliwa utrata danych
C:\Users\Kulfon\source\repos\Sizzling\Sizzling\Sizzling.cpp(520,33): warning C4267: "argument": konwersja z "size_t" do "int", możliwa utrata danych
C:\Users\Kulfon\source\repos\Sizzling\Sizzling\Sizzling.cpp(524,33): warning C4267: "argument": konwersja z "size_t" do "int", możliwa utrata danych
C:\Users\Kulfon\source\repos\Sizzling\Sizzling\Sizzling.cpp(568,38): warning C4267: "argument": konwersja z "size_t" do "int", możliwa utrata danych
C:\Users\Kulfon\source\repos\Sizzling\Sizzling\Sizzling.cpp(573,38): warning C4267: "argument": konwersja z "size_t" do "int", możliwa utrata danych
C:\Users\Kulfon\source\repos\Sizzling\Sizzling\Sizzling.cpp(578,38): warning C4267: "argument": konwersja z "size_t" do "int", możliwa utrata danych
C:\Users\Kulfon\source\repos\Sizzling\Sizzling\Sizzling.cpp(583,38): warning C4267: "argument": konwersja z "size_t" do "int", możliwa utrata danych
C:\Users\Kulfon\source\repos\Sizzling\Sizzling\Sizzling.cpp(588,38): warning C4267: "argument": konwersja z "size_t" do "int", możliwa utrata danych
  Trwa generowanie kodu
  1 of 340 functions ( 0.3%) were compiled, the rest were copied from previous compilation.
    0 functions were new in current compilation
    4 functions had inline decision re-evaluated but remain unchanged
  Zakończono generowanie kodu
  Sizzling.vcxproj -> C:\Users\Kulfon\source\repos\Sizzling\x64\Release\Sizzling.exe
